[0705/162929.580:INFO:CONSOLE(0)] "Error with Permissions-Policy header: Feature xr-spatial-tracking's parameters are ignored.", source:  (0)
[0705/162929.580:INFO:CONSOLE(0)] "Error with Permissions-Policy header: Origin trial controlled feature not enabled: 'attribution-reporting'.", source:  (0)
[0705/162929.580:INFO:CONSOLE(0)] "Error with Permissions-Policy header: Unrecognized feature: 'compute-pressure'.", source:  (0)
[0705/162929.580:INFO:CONSOLE(0)] "Error with Permissions-Policy header: Origin trial controlled feature not enabled: 'interest-cohort'.", source:  (0)
[0705/162929.580:INFO:CONSOLE(0)] "Error with Permissions-Policy header: Unrecognized feature: 'private-state-token-issuance'.", source:  (0)
[0705/162929.580:INFO:CONSOLE(0)] "Error with Permissions-Policy header: Origin trial controlled feature not enabled: 'shared-storage'.", source:  (0)
[0705/162929.580:INFO:CONSOLE(0)] "Error with Permissions-Policy header: Unrecognized feature: 'shared-storage-select-url'.", source:  (0)
[0705/162929.580:INFO:CONSOLE(0)] "Error with Permissions-Policy header: Unrecognized feature: 'private-state-token-redemption'.", source:  (0)
[0705/162929.580:INFO:CONSOLE(0)] "Error with Permissions-Policy header: Unrecognized feature: 'unload'.", source:  (0)
[0705/162929.580:INFO:CONSOLE(0)] "Error with Permissions-Policy header: Unrecognized feature: 'window-management'.", source:  (0)
[0705/162929.586:INFO:CONSOLE(0)] "Document-Policy HTTP header: Unrecognized document policy feature name include-js-call-stacks-in-crash-reports.", source: https://web.whatsapp.com/ (0)
[0705/162929.770:ERROR:entry_impl.cc(1072)] No file for 800000f8
[0705/162929.770:ERROR:entry_impl.cc(1072)] No file for 800000f5
[0705/162929.770:ERROR:entry_impl.cc(1072)] No file for 800000f4
[0705/162929.770:ERROR:entry_impl.cc(1072)] No file for 800000fa
[0705/162929.770:ERROR:entry_impl.cc(1072)] No file for 800000f9
[0705/162929.770:ERROR:entry_impl.cc(1072)] No file for 800000f6
[0705/162929.770:ERROR:entry_impl.cc(1072)] No file for 800000fb
[0705/162929.770:ERROR:entry_impl.cc(1072)] No file for 800000f3
[0705/162929.770:ERROR:entry_impl.cc(1072)] No file for 800000f7
[0705/162933.290:INFO:CONSOLE(0)] "The resource https://static.whatsapp.net/rsrc-translations.php/v8ibds4/yR/l/en_GB/GJdbio32c0gkxmRfbSZJOQGKW1pFAGHAMEd84Fg15hJqaWmye_bIkavxYsFV-36kINfwA_k4oHAeO6RdX9hUJ2t8Am6P0NQwURz4rdisM9sbVJAbXcKCFv-QdVWqKI4HhVjCSafdvBbmbXYckcJhg6bVuSvsWqehdEtWw.js was preloaded using link preload but not used within a few seconds from the window's load event. Please make sure it has an appropriate `as` value and it is preloaded intentionally.", source: https://web.whatsapp.com/ (0)
[0705/162933.290:INFO:CONSOLE(0)] "The resource https://static.whatsapp.net/rsrc.php/v5/yz/l/0,cross/bVLskNS7G9U.css was preloaded using link preload but not used within a few seconds from the window's load event. Please make sure it has an appropriate `as` value and it is preloaded intentionally.", source: https://web.whatsapp.com/ (0)
[0705/162933.290:INFO:CONSOLE(0)] "The resource https://static.whatsapp.net/rsrc-translations.php/v8iTtf4/yD/l/en_GB/qzRm5KKgd7z.js was preloaded using link preload but not used within a few seconds from the window's load event. Please make sure it has an appropriate `as` value and it is preloaded intentionally.", source: https://web.whatsapp.com/ (0)
[0705/162933.290:INFO:CONSOLE(0)] "The resource https://static.whatsapp.net/rsrc-translations.php/v8iJJ14/yl/l/en_GB/ChzJkum9P1R.js was preloaded using link preload but not used within a few seconds from the window's load event. Please make sure it has an appropriate `as` value and it is preloaded intentionally.", source: https://web.whatsapp.com/ (0)
